<?xml version="1.0" encoding="UTF-8"?>
<!-- Generated by org.testng.reporters.JUnitXMLReporter -->
<testsuite ignored="0" hostname="Georgi-PC" failures="0" tests="3" name="Surefire test" time="69.844" errors="0" timestamp="2021-03-07T23:10:54 EET">
  <testcase classname="com.getFiddler.tests.AuthenticateTests" name="AuthenticateTest" time="12.544"/>
  <testcase classname="com.getFiddler.tests.CaptureTrafficTests" name="CaptureTrafficTest" time="18.464"/>
  <testcase classname="com.getFiddler.tests.CreateAccountTests" name="CreateNewAccountTest" time="28.524"/>
</testsuite> <!-- Surefire test -->
