<?xml version="1.0" encoding="UTF-8"?>
<testng-results ignored="0" total="3" passed="3" failed="0" skipped="0">
  <reporter-output>
  </reporter-output>
  <suite started-at="2021-03-07T23:09:44 EET" name="Surefire suite" finished-at="2021-03-07T23:10:54 EET" duration-ms="69844">
    <groups>
    </groups>
    <test started-at="2021-03-07T23:09:44 EET" name="Surefire test" finished-at="2021-03-07T23:10:54 EET" duration-ms="69844">
      <class name="com.getFiddler.tests.AuthenticateTests">
        <test-method is-config="true" signature="setUp()[pri:0, instance:com.getFiddler.tests.AuthenticateTests@5bf0d49]" started-at="2021-03-07T23:09:44 EET" name="setUp" finished-at="2021-03-07T23:09:46 EET" duration-ms="2394" status="PASS">
          <reporter-output>
          </reporter-output>
        </test-method> <!-- setUp -->
        <test-method signature="AuthenticateTest()[pri:0, instance:com.getFiddler.tests.AuthenticateTests@5bf0d49]" started-at="2021-03-07T23:09:46 EET" name="AuthenticateTest" finished-at="2021-03-07T23:09:59 EET" duration-ms="12544" status="PASS">
          <reporter-output>
          </reporter-output>
        </test-method> <!-- AuthenticateTest -->
        <test-method is-config="true" signature="tearDown()[pri:0, instance:com.getFiddler.tests.AuthenticateTests@5bf0d49]" started-at="2021-03-07T23:09:59 EET" name="tearDown" finished-at="2021-03-07T23:10:00 EET" duration-ms="1069" status="PASS">
          <reporter-output>
          </reporter-output>
        </test-method> <!-- tearDown -->
      </class> <!-- com.getFiddler.tests.AuthenticateTests -->
      <class name="com.getFiddler.tests.CreateAccountTests">
        <test-method is-config="true" signature="setUp()[pri:0, instance:com.getFiddler.tests.CreateAccountTests@3cd3e762]" started-at="2021-03-07T23:10:22 EET" name="setUp" finished-at="2021-03-07T23:10:24 EET" duration-ms="2068" status="PASS">
          <reporter-output>
          </reporter-output>
        </test-method> <!-- setUp -->
        <test-method signature="CreateNewAccountTest()[pri:0, instance:com.getFiddler.tests.CreateAccountTests@3cd3e762]" started-at="2021-03-07T23:10:24 EET" name="CreateNewAccountTest" finished-at="2021-03-07T23:10:53 EET" duration-ms="28524" status="PASS">
          <reporter-output>
          </reporter-output>
        </test-method> <!-- CreateNewAccountTest -->
        <test-method is-config="true" signature="tearDown()[pri:0, instance:com.getFiddler.tests.CreateAccountTests@3cd3e762]" started-at="2021-03-07T23:10:53 EET" name="tearDown" finished-at="2021-03-07T23:10:54 EET" duration-ms="1033" status="PASS">
          <reporter-output>
          </reporter-output>
        </test-method> <!-- tearDown -->
      </class> <!-- com.getFiddler.tests.CreateAccountTests -->
      <class name="com.getFiddler.tests.CaptureTrafficTests">
        <test-method is-config="true" signature="setUp()[pri:0, instance:com.getFiddler.tests.CaptureTrafficTests@3b0090a4]" started-at="2021-03-07T23:10:00 EET" name="setUp" finished-at="2021-03-07T23:10:02 EET" duration-ms="2099" status="PASS">
          <reporter-output>
          </reporter-output>
        </test-method> <!-- setUp -->
        <test-method signature="CaptureTrafficTest()[pri:0, instance:com.getFiddler.tests.CaptureTrafficTests@3b0090a4]" started-at="2021-03-07T23:10:02 EET" name="CaptureTrafficTest" finished-at="2021-03-07T23:10:21 EET" duration-ms="18464" status="PASS">
          <reporter-output>
          </reporter-output>
        </test-method> <!-- CaptureTrafficTest -->
        <test-method is-config="true" signature="tearDown()[pri:0, instance:com.getFiddler.tests.CaptureTrafficTests@3b0090a4]" started-at="2021-03-07T23:10:21 EET" name="tearDown" finished-at="2021-03-07T23:10:22 EET" duration-ms="1629" status="PASS">
          <reporter-output>
          </reporter-output>
        </test-method> <!-- tearDown -->
      </class> <!-- com.getFiddler.tests.CaptureTrafficTests -->
    </test> <!-- Surefire test -->
  </suite> <!-- Surefire suite -->
</testng-results>
