<?xml version="1.0" encoding="UTF-8"?>
<testsuite xmlns:xsi="http://www.w3.org/2001/XMLSchema-instance" xsi:noNamespaceSchemaLocation="https://maven.apache.org/surefire/maven-surefire-plugin/xsd/surefire-test-report.xsd" name="TestSuite" time="70.079" tests="3" errors="0" skipped="0" failures="0">
  <properties>
[...]
</properties>
  <testcase name="AuthenticateTest" classname="com.getFiddler.tests.AuthenticateTests" time="12.543"/>
  <testcase name="CaptureTrafficTest" classname="com.getFiddler.tests.CaptureTrafficTests" time="18.465"/>
  <testcase name="CreateNewAccountTest" classname="com.getFiddler.tests.CreateAccountTests" time="28.525"/>
</testsuite>