<?xml version="1.0" encoding="UTF-8"?>
<testng-results ignored="0" total="1" passed="1" failed="0" skipped="0">
  <reporter-output>
  </reporter-output>
  <suite started-at="2021-03-07T23:04:31 EET" name="Default suite" finished-at="2021-03-07T23:04:58 EET" duration-ms="27082">
    <groups>
    </groups>
    <test started-at="2021-03-07T23:04:31 EET" name="Default test" finished-at="2021-03-07T23:04:58 EET" duration-ms="27082">
      <class name="com.getFiddler.tests.CreateAccountTests">
        <test-method is-config="true" signature="setUp()[pri:0, instance:com.getFiddler.tests.CreateAccountTests@649bec2e]" started-at="2021-03-07T23:04:31 EET" name="setUp" finished-at="2021-03-07T23:04:33 EET" duration-ms="2364" status="PASS">
          <reporter-output>
          </reporter-output>
        </test-method> <!-- setUp -->
        <test-method signature="CreateNewAccountTest()[pri:0, instance:com.getFiddler.tests.CreateAccountTests@649bec2e]" started-at="2021-03-07T23:04:33 EET" name="CreateNewAccountTest" finished-at="2021-03-07T23:04:57 EET" duration-ms="23650" status="PASS">
          <reporter-output>
          </reporter-output>
        </test-method> <!-- CreateNewAccountTest -->
        <test-method is-config="true" signature="tearDown()[pri:0, instance:com.getFiddler.tests.CreateAccountTests@649bec2e]" started-at="2021-03-07T23:04:57 EET" name="tearDown" finished-at="2021-03-07T23:04:58 EET" duration-ms="1048" status="PASS">
          <reporter-output>
          </reporter-output>
        </test-method> <!-- tearDown -->
      </class> <!-- com.getFiddler.tests.CreateAccountTests -->
    </test> <!-- Default test -->
  </suite> <!-- Default suite -->
</testng-results>
