<?xml version="1.0" encoding="UTF-8"?>
<testng-results ignored="0" total="1" passed="1" failed="0" skipped="0">
  <reporter-output>
  </reporter-output>
  <suite started-at="2021-03-08T10:09:32 EET" name="Default suite" finished-at="2021-03-08T10:10:17 EET" duration-ms="45226">
    <groups>
    </groups>
    <test started-at="2021-03-08T10:09:32 EET" name="Default test" finished-at="2021-03-08T10:10:17 EET" duration-ms="45226">
      <class name="com.getFiddler.tests.AuthenticateTests">
        <test-method is-config="true" signature="setUp()[pri:0, instance:com.getFiddler.tests.AuthenticateTests@66d3eec0]" started-at="2021-03-08T10:09:32 EET" name="setUp" finished-at="2021-03-08T10:09:32 EET" duration-ms="159" status="PASS">
          <reporter-output>
          </reporter-output>
        </test-method> <!-- setUp -->
        <test-method signature="AuthenticateTest()[pri:0, instance:com.getFiddler.tests.AuthenticateTests@66d3eec0]" started-at="2021-03-08T10:09:32 EET" name="AuthenticateTest" finished-at="2021-03-08T10:10:16 EET" duration-ms="43986" status="PASS">
          <reporter-output>
          </reporter-output>
        </test-method> <!-- AuthenticateTest -->
        <test-method is-config="true" signature="tearDown()[pri:0, instance:com.getFiddler.tests.AuthenticateTests@66d3eec0]" started-at="2021-03-08T10:10:16 EET" name="tearDown" finished-at="2021-03-08T10:10:17 EET" duration-ms="1061" status="PASS">
          <reporter-output>
          </reporter-output>
        </test-method> <!-- tearDown -->
      </class> <!-- com.getFiddler.tests.AuthenticateTests -->
    </test> <!-- Default test -->
  </suite> <!-- Default suite -->
</testng-results>
